ARM GAS  /tmp/ccl6ET8a.s 			page 1


   1              		.cpu cortex-m7
   2              		.arch armv7e-m
   3              		.fpu fpv5-d16
   4              		.eabi_attribute 28, 1
   5              		.eabi_attribute 20, 1
   6              		.eabi_attribute 21, 1
   7              		.eabi_attribute 23, 3
   8              		.eabi_attribute 24, 1
   9              		.eabi_attribute 25, 1
  10              		.eabi_attribute 26, 1
  11              		.eabi_attribute 30, 1
  12              		.eabi_attribute 34, 1
  13              		.eabi_attribute 18, 4
  14              		.file	"stm32h7xx_hal_msp.c"
  15              		.text
  16              	.Ltext0:
  17              		.cfi_sections	.debug_frame
  18              		.file 1 "../../CM7/Core/Src/stm32h7xx_hal_msp.c"
  19              		.section	.text.HAL_MspInit,"ax",%progbits
  20              		.align	1
  21              		.global	HAL_MspInit
  22              		.syntax unified
  23              		.thumb
  24              		.thumb_func
  26              	HAL_MspInit:
  27              	.LFB144:
   1:../../CM7/Core/Src/stm32h7xx_hal_msp.c **** 
   2:../../CM7/Core/Src/stm32h7xx_hal_msp.c **** /* USER CODE BEGIN Header */
   3:../../CM7/Core/Src/stm32h7xx_hal_msp.c **** /**
   4:../../CM7/Core/Src/stm32h7xx_hal_msp.c ****   ******************************************************************************
   5:../../CM7/Core/Src/stm32h7xx_hal_msp.c ****   * @file         stm32h7xx_hal_msp.c
   6:../../CM7/Core/Src/stm32h7xx_hal_msp.c ****   * @brief        This file provides code for the MSP Initialization
   7:../../CM7/Core/Src/stm32h7xx_hal_msp.c ****   *               and de-Initialization codes.
   8:../../CM7/Core/Src/stm32h7xx_hal_msp.c ****   ******************************************************************************
   9:../../CM7/Core/Src/stm32h7xx_hal_msp.c ****   * @attention
  10:../../CM7/Core/Src/stm32h7xx_hal_msp.c ****   *
  11:../../CM7/Core/Src/stm32h7xx_hal_msp.c ****   * Copyright (c) 2024 STMicroelectronics.
  12:../../CM7/Core/Src/stm32h7xx_hal_msp.c ****   * All rights reserved.
  13:../../CM7/Core/Src/stm32h7xx_hal_msp.c ****   *
  14:../../CM7/Core/Src/stm32h7xx_hal_msp.c ****   * This software is licensed under terms that can be found in the LICENSE file
  15:../../CM7/Core/Src/stm32h7xx_hal_msp.c ****   * in the root directory of this software component.
  16:../../CM7/Core/Src/stm32h7xx_hal_msp.c ****   * If no LICENSE file comes with this software, it is provided AS-IS.
  17:../../CM7/Core/Src/stm32h7xx_hal_msp.c ****   *
  18:../../CM7/Core/Src/stm32h7xx_hal_msp.c ****   ******************************************************************************
  19:../../CM7/Core/Src/stm32h7xx_hal_msp.c ****   */
  20:../../CM7/Core/Src/stm32h7xx_hal_msp.c **** /* USER CODE END Header */
  21:../../CM7/Core/Src/stm32h7xx_hal_msp.c **** 
  22:../../CM7/Core/Src/stm32h7xx_hal_msp.c **** /* Includes ------------------------------------------------------------------*/
  23:../../CM7/Core/Src/stm32h7xx_hal_msp.c **** #include "main.h"
  24:../../CM7/Core/Src/stm32h7xx_hal_msp.c **** /* USER CODE BEGIN Includes */
  25:../../CM7/Core/Src/stm32h7xx_hal_msp.c **** 
  26:../../CM7/Core/Src/stm32h7xx_hal_msp.c **** /* USER CODE END Includes */
  27:../../CM7/Core/Src/stm32h7xx_hal_msp.c **** 
  28:../../CM7/Core/Src/stm32h7xx_hal_msp.c **** /* Private typedef -----------------------------------------------------------*/
  29:../../CM7/Core/Src/stm32h7xx_hal_msp.c **** /* USER CODE BEGIN TD */
  30:../../CM7/Core/Src/stm32h7xx_hal_msp.c **** 
  31:../../CM7/Core/Src/stm32h7xx_hal_msp.c **** /* USER CODE END TD */
ARM GAS  /tmp/ccl6ET8a.s 			page 2


  32:../../CM7/Core/Src/stm32h7xx_hal_msp.c **** 
  33:../../CM7/Core/Src/stm32h7xx_hal_msp.c **** /* Private define ------------------------------------------------------------*/
  34:../../CM7/Core/Src/stm32h7xx_hal_msp.c **** /* USER CODE BEGIN Define */
  35:../../CM7/Core/Src/stm32h7xx_hal_msp.c **** 
  36:../../CM7/Core/Src/stm32h7xx_hal_msp.c **** /* USER CODE END Define */
  37:../../CM7/Core/Src/stm32h7xx_hal_msp.c **** 
  38:../../CM7/Core/Src/stm32h7xx_hal_msp.c **** /* Private macro -------------------------------------------------------------*/
  39:../../CM7/Core/Src/stm32h7xx_hal_msp.c **** /* USER CODE BEGIN Macro */
  40:../../CM7/Core/Src/stm32h7xx_hal_msp.c **** 
  41:../../CM7/Core/Src/stm32h7xx_hal_msp.c **** /* USER CODE END Macro */
  42:../../CM7/Core/Src/stm32h7xx_hal_msp.c **** 
  43:../../CM7/Core/Src/stm32h7xx_hal_msp.c **** /* Private variables ---------------------------------------------------------*/
  44:../../CM7/Core/Src/stm32h7xx_hal_msp.c **** /* USER CODE BEGIN PV */
  45:../../CM7/Core/Src/stm32h7xx_hal_msp.c **** 
  46:../../CM7/Core/Src/stm32h7xx_hal_msp.c **** /* USER CODE END PV */
  47:../../CM7/Core/Src/stm32h7xx_hal_msp.c **** 
  48:../../CM7/Core/Src/stm32h7xx_hal_msp.c **** /* Private function prototypes -----------------------------------------------*/
  49:../../CM7/Core/Src/stm32h7xx_hal_msp.c **** /* USER CODE BEGIN PFP */
  50:../../CM7/Core/Src/stm32h7xx_hal_msp.c **** 
  51:../../CM7/Core/Src/stm32h7xx_hal_msp.c **** /* USER CODE END PFP */
  52:../../CM7/Core/Src/stm32h7xx_hal_msp.c **** 
  53:../../CM7/Core/Src/stm32h7xx_hal_msp.c **** /* External functions --------------------------------------------------------*/
  54:../../CM7/Core/Src/stm32h7xx_hal_msp.c **** /* USER CODE BEGIN ExternalFunctions */
  55:../../CM7/Core/Src/stm32h7xx_hal_msp.c **** 
  56:../../CM7/Core/Src/stm32h7xx_hal_msp.c **** /* USER CODE END ExternalFunctions */
  57:../../CM7/Core/Src/stm32h7xx_hal_msp.c **** 
  58:../../CM7/Core/Src/stm32h7xx_hal_msp.c **** /* USER CODE BEGIN 0 */
  59:../../CM7/Core/Src/stm32h7xx_hal_msp.c **** 
  60:../../CM7/Core/Src/stm32h7xx_hal_msp.c **** /* USER CODE END 0 */
  61:../../CM7/Core/Src/stm32h7xx_hal_msp.c **** /**
  62:../../CM7/Core/Src/stm32h7xx_hal_msp.c ****   * Initializes the Global MSP.
  63:../../CM7/Core/Src/stm32h7xx_hal_msp.c ****   */
  64:../../CM7/Core/Src/stm32h7xx_hal_msp.c **** void HAL_MspInit(void)
  65:../../CM7/Core/Src/stm32h7xx_hal_msp.c **** {
  28              		.loc 1 65 1 view -0
  29              		.cfi_startproc
  30              		@ args = 0, pretend = 0, frame = 8
  31              		@ frame_needed = 0, uses_anonymous_args = 0
  32              		@ link register save eliminated.
  33 0000 82B0     		sub	sp, sp, #8
  34              	.LCFI0:
  35              		.cfi_def_cfa_offset 8
  66:../../CM7/Core/Src/stm32h7xx_hal_msp.c **** 
  67:../../CM7/Core/Src/stm32h7xx_hal_msp.c ****   /* USER CODE BEGIN MspInit 0 */
  68:../../CM7/Core/Src/stm32h7xx_hal_msp.c **** 
  69:../../CM7/Core/Src/stm32h7xx_hal_msp.c ****   /* USER CODE END MspInit 0 */
  70:../../CM7/Core/Src/stm32h7xx_hal_msp.c **** 
  71:../../CM7/Core/Src/stm32h7xx_hal_msp.c ****   __HAL_RCC_SYSCFG_CLK_ENABLE();
  36              		.loc 1 71 3 view .LVU1
  37              	.LBB2:
  38              		.loc 1 71 3 view .LVU2
  39              		.loc 1 71 3 view .LVU3
  40 0002 074B     		ldr	r3, .L3
  41 0004 D3F8F420 		ldr	r2, [r3, #244]
  42 0008 42F00202 		orr	r2, r2, #2
  43 000c C3F8F420 		str	r2, [r3, #244]
  44              		.loc 1 71 3 view .LVU4
ARM GAS  /tmp/ccl6ET8a.s 			page 3


  45 0010 D3F8F430 		ldr	r3, [r3, #244]
  46 0014 03F00203 		and	r3, r3, #2
  47 0018 0193     		str	r3, [sp, #4]
  48              		.loc 1 71 3 view .LVU5
  49 001a 019B     		ldr	r3, [sp, #4]
  50              	.LBE2:
  51              		.loc 1 71 3 view .LVU6
  72:../../CM7/Core/Src/stm32h7xx_hal_msp.c **** 
  73:../../CM7/Core/Src/stm32h7xx_hal_msp.c ****   /* System interrupt init*/
  74:../../CM7/Core/Src/stm32h7xx_hal_msp.c **** 
  75:../../CM7/Core/Src/stm32h7xx_hal_msp.c ****   /* USER CODE BEGIN MspInit 1 */
  76:../../CM7/Core/Src/stm32h7xx_hal_msp.c **** 
  77:../../CM7/Core/Src/stm32h7xx_hal_msp.c ****   /* USER CODE END MspInit 1 */
  78:../../CM7/Core/Src/stm32h7xx_hal_msp.c **** }
  52              		.loc 1 78 1 is_stmt 0 view .LVU7
  53 001c 02B0     		add	sp, sp, #8
  54              	.LCFI1:
  55              		.cfi_def_cfa_offset 0
  56              		@ sp needed
  57 001e 7047     		bx	lr
  58              	.L4:
  59              		.align	2
  60              	.L3:
  61 0020 00440258 		.word	1476543488
  62              		.cfi_endproc
  63              	.LFE144:
  65              		.section	.text.HAL_UART_MspInit,"ax",%progbits
  66              		.align	1
  67              		.global	HAL_UART_MspInit
  68              		.syntax unified
  69              		.thumb
  70              		.thumb_func
  72              	HAL_UART_MspInit:
  73              	.LVL0:
  74              	.LFB145:
  79:../../CM7/Core/Src/stm32h7xx_hal_msp.c **** 
  80:../../CM7/Core/Src/stm32h7xx_hal_msp.c **** /**
  81:../../CM7/Core/Src/stm32h7xx_hal_msp.c **** * @brief UART MSP Initialization
  82:../../CM7/Core/Src/stm32h7xx_hal_msp.c **** * This function configures the hardware resources used in this example
  83:../../CM7/Core/Src/stm32h7xx_hal_msp.c **** * @param huart: UART handle pointer
  84:../../CM7/Core/Src/stm32h7xx_hal_msp.c **** * @retval None
  85:../../CM7/Core/Src/stm32h7xx_hal_msp.c **** */
  86:../../CM7/Core/Src/stm32h7xx_hal_msp.c **** void HAL_UART_MspInit(UART_HandleTypeDef* huart)
  87:../../CM7/Core/Src/stm32h7xx_hal_msp.c **** {
  75              		.loc 1 87 1 is_stmt 1 view -0
  76              		.cfi_startproc
  77              		@ args = 0, pretend = 0, frame = 224
  78              		@ frame_needed = 0, uses_anonymous_args = 0
  79              		.loc 1 87 1 is_stmt 0 view .LVU9
  80 0000 10B5     		push	{r4, lr}
  81              	.LCFI2:
  82              		.cfi_def_cfa_offset 8
  83              		.cfi_offset 4, -8
  84              		.cfi_offset 14, -4
  85 0002 B8B0     		sub	sp, sp, #224
  86              	.LCFI3:
  87              		.cfi_def_cfa_offset 232
ARM GAS  /tmp/ccl6ET8a.s 			page 4


  88 0004 0446     		mov	r4, r0
  88:../../CM7/Core/Src/stm32h7xx_hal_msp.c ****   GPIO_InitTypeDef GPIO_InitStruct = {0};
  89              		.loc 1 88 3 is_stmt 1 view .LVU10
  90              		.loc 1 88 20 is_stmt 0 view .LVU11
  91 0006 0021     		movs	r1, #0
  92 0008 3391     		str	r1, [sp, #204]
  93 000a 3491     		str	r1, [sp, #208]
  94 000c 3591     		str	r1, [sp, #212]
  95 000e 3691     		str	r1, [sp, #216]
  96 0010 3791     		str	r1, [sp, #220]
  89:../../CM7/Core/Src/stm32h7xx_hal_msp.c ****   RCC_PeriphCLKInitTypeDef PeriphClkInitStruct = {0};
  97              		.loc 1 89 3 is_stmt 1 view .LVU12
  98              		.loc 1 89 28 is_stmt 0 view .LVU13
  99 0012 C022     		movs	r2, #192
 100 0014 02A8     		add	r0, sp, #8
 101              	.LVL1:
 102              		.loc 1 89 28 view .LVU14
 103 0016 FFF7FEFF 		bl	memset
 104              	.LVL2:
  90:../../CM7/Core/Src/stm32h7xx_hal_msp.c ****   if(huart->Instance==USART3)
 105              		.loc 1 90 3 is_stmt 1 view .LVU15
 106              		.loc 1 90 11 is_stmt 0 view .LVU16
 107 001a 2268     		ldr	r2, [r4]
 108              		.loc 1 90 5 view .LVU17
 109 001c 1B4B     		ldr	r3, .L11
 110 001e 9A42     		cmp	r2, r3
 111 0020 01D0     		beq	.L9
 112              	.L5:
  91:../../CM7/Core/Src/stm32h7xx_hal_msp.c ****   {
  92:../../CM7/Core/Src/stm32h7xx_hal_msp.c ****   /* USER CODE BEGIN USART3_MspInit 0 */
  93:../../CM7/Core/Src/stm32h7xx_hal_msp.c **** 
  94:../../CM7/Core/Src/stm32h7xx_hal_msp.c ****   /* USER CODE END USART3_MspInit 0 */
  95:../../CM7/Core/Src/stm32h7xx_hal_msp.c **** 
  96:../../CM7/Core/Src/stm32h7xx_hal_msp.c ****   /** Initializes the peripherals clock
  97:../../CM7/Core/Src/stm32h7xx_hal_msp.c ****   */
  98:../../CM7/Core/Src/stm32h7xx_hal_msp.c ****     PeriphClkInitStruct.PeriphClockSelection = RCC_PERIPHCLK_USART3;
  99:../../CM7/Core/Src/stm32h7xx_hal_msp.c ****     PeriphClkInitStruct.Usart234578ClockSelection = RCC_USART234578CLKSOURCE_D2PCLK1;
 100:../../CM7/Core/Src/stm32h7xx_hal_msp.c ****     if (HAL_RCCEx_PeriphCLKConfig(&PeriphClkInitStruct) != HAL_OK)
 101:../../CM7/Core/Src/stm32h7xx_hal_msp.c ****     {
 102:../../CM7/Core/Src/stm32h7xx_hal_msp.c ****       Error_Handler();
 103:../../CM7/Core/Src/stm32h7xx_hal_msp.c ****     }
 104:../../CM7/Core/Src/stm32h7xx_hal_msp.c **** 
 105:../../CM7/Core/Src/stm32h7xx_hal_msp.c ****     /* Peripheral clock enable */
 106:../../CM7/Core/Src/stm32h7xx_hal_msp.c ****     __HAL_RCC_USART3_CLK_ENABLE();
 107:../../CM7/Core/Src/stm32h7xx_hal_msp.c **** 
 108:../../CM7/Core/Src/stm32h7xx_hal_msp.c ****     __HAL_RCC_GPIOD_CLK_ENABLE();
 109:../../CM7/Core/Src/stm32h7xx_hal_msp.c ****     /**USART3 GPIO Configuration
 110:../../CM7/Core/Src/stm32h7xx_hal_msp.c ****     PD8     ------> USART3_TX
 111:../../CM7/Core/Src/stm32h7xx_hal_msp.c ****     PD9     ------> USART3_RX
 112:../../CM7/Core/Src/stm32h7xx_hal_msp.c ****     */
 113:../../CM7/Core/Src/stm32h7xx_hal_msp.c ****     GPIO_InitStruct.Pin = GPIO_PIN_8|GPIO_PIN_9;
 114:../../CM7/Core/Src/stm32h7xx_hal_msp.c ****     GPIO_InitStruct.Mode = GPIO_MODE_AF_PP;
 115:../../CM7/Core/Src/stm32h7xx_hal_msp.c ****     GPIO_InitStruct.Pull = GPIO_NOPULL;
 116:../../CM7/Core/Src/stm32h7xx_hal_msp.c ****     GPIO_InitStruct.Speed = GPIO_SPEED_FREQ_LOW;
 117:../../CM7/Core/Src/stm32h7xx_hal_msp.c ****     GPIO_InitStruct.Alternate = GPIO_AF7_USART3;
 118:../../CM7/Core/Src/stm32h7xx_hal_msp.c ****     HAL_GPIO_Init(GPIOD, &GPIO_InitStruct);
 119:../../CM7/Core/Src/stm32h7xx_hal_msp.c **** 
ARM GAS  /tmp/ccl6ET8a.s 			page 5


 120:../../CM7/Core/Src/stm32h7xx_hal_msp.c ****   /* USER CODE BEGIN USART3_MspInit 1 */
 121:../../CM7/Core/Src/stm32h7xx_hal_msp.c **** 
 122:../../CM7/Core/Src/stm32h7xx_hal_msp.c ****   /* USER CODE END USART3_MspInit 1 */
 123:../../CM7/Core/Src/stm32h7xx_hal_msp.c **** 
 124:../../CM7/Core/Src/stm32h7xx_hal_msp.c ****   }
 125:../../CM7/Core/Src/stm32h7xx_hal_msp.c **** 
 126:../../CM7/Core/Src/stm32h7xx_hal_msp.c **** }
 113              		.loc 1 126 1 view .LVU18
 114 0022 38B0     		add	sp, sp, #224
 115              	.LCFI4:
 116              		.cfi_remember_state
 117              		.cfi_def_cfa_offset 8
 118              		@ sp needed
 119 0024 10BD     		pop	{r4, pc}
 120              	.LVL3:
 121              	.L9:
 122              	.LCFI5:
 123              		.cfi_restore_state
  98:../../CM7/Core/Src/stm32h7xx_hal_msp.c ****     PeriphClkInitStruct.Usart234578ClockSelection = RCC_USART234578CLKSOURCE_D2PCLK1;
 124              		.loc 1 98 5 is_stmt 1 view .LVU19
  98:../../CM7/Core/Src/stm32h7xx_hal_msp.c ****     PeriphClkInitStruct.Usart234578ClockSelection = RCC_USART234578CLKSOURCE_D2PCLK1;
 125              		.loc 1 98 46 is_stmt 0 view .LVU20
 126 0026 0222     		movs	r2, #2
 127 0028 0023     		movs	r3, #0
 128 002a CDE90223 		strd	r2, [sp, #8]
  99:../../CM7/Core/Src/stm32h7xx_hal_msp.c ****     if (HAL_RCCEx_PeriphCLKConfig(&PeriphClkInitStruct) != HAL_OK)
 129              		.loc 1 99 5 is_stmt 1 view .LVU21
 100:../../CM7/Core/Src/stm32h7xx_hal_msp.c ****     {
 130              		.loc 1 100 5 view .LVU22
 100:../../CM7/Core/Src/stm32h7xx_hal_msp.c ****     {
 131              		.loc 1 100 9 is_stmt 0 view .LVU23
 132 002e 02A8     		add	r0, sp, #8
 133 0030 FFF7FEFF 		bl	HAL_RCCEx_PeriphCLKConfig
 134              	.LVL4:
 100:../../CM7/Core/Src/stm32h7xx_hal_msp.c ****     {
 135              		.loc 1 100 8 discriminator 1 view .LVU24
 136 0034 38BB     		cbnz	r0, .L10
 137              	.L7:
 106:../../CM7/Core/Src/stm32h7xx_hal_msp.c **** 
 138              		.loc 1 106 5 is_stmt 1 view .LVU25
 139              	.LBB3:
 106:../../CM7/Core/Src/stm32h7xx_hal_msp.c **** 
 140              		.loc 1 106 5 view .LVU26
 106:../../CM7/Core/Src/stm32h7xx_hal_msp.c **** 
 141              		.loc 1 106 5 view .LVU27
 142 0036 164B     		ldr	r3, .L11+4
 143 0038 D3F8E820 		ldr	r2, [r3, #232]
 144 003c 42F48022 		orr	r2, r2, #262144
 145 0040 C3F8E820 		str	r2, [r3, #232]
 106:../../CM7/Core/Src/stm32h7xx_hal_msp.c **** 
 146              		.loc 1 106 5 view .LVU28
 147 0044 D3F8E820 		ldr	r2, [r3, #232]
 148 0048 02F48022 		and	r2, r2, #262144
 149 004c 0092     		str	r2, [sp]
 106:../../CM7/Core/Src/stm32h7xx_hal_msp.c **** 
 150              		.loc 1 106 5 view .LVU29
 151 004e 009A     		ldr	r2, [sp]
ARM GAS  /tmp/ccl6ET8a.s 			page 6


 152              	.LBE3:
 106:../../CM7/Core/Src/stm32h7xx_hal_msp.c **** 
 153              		.loc 1 106 5 view .LVU30
 108:../../CM7/Core/Src/stm32h7xx_hal_msp.c ****     /**USART3 GPIO Configuration
 154              		.loc 1 108 5 view .LVU31
 155              	.LBB4:
 108:../../CM7/Core/Src/stm32h7xx_hal_msp.c ****     /**USART3 GPIO Configuration
 156              		.loc 1 108 5 view .LVU32
 108:../../CM7/Core/Src/stm32h7xx_hal_msp.c ****     /**USART3 GPIO Configuration
 157              		.loc 1 108 5 view .LVU33
 158 0050 D3F8E020 		ldr	r2, [r3, #224]
 159 0054 42F00802 		orr	r2, r2, #8
 160 0058 C3F8E020 		str	r2, [r3, #224]
 108:../../CM7/Core/Src/stm32h7xx_hal_msp.c ****     /**USART3 GPIO Configuration
 161              		.loc 1 108 5 view .LVU34
 162 005c D3F8E030 		ldr	r3, [r3, #224]
 163 0060 03F00803 		and	r3, r3, #8
 164 0064 0193     		str	r3, [sp, #4]
 108:../../CM7/Core/Src/stm32h7xx_hal_msp.c ****     /**USART3 GPIO Configuration
 165              		.loc 1 108 5 view .LVU35
 166 0066 019B     		ldr	r3, [sp, #4]
 167              	.LBE4:
 108:../../CM7/Core/Src/stm32h7xx_hal_msp.c ****     /**USART3 GPIO Configuration
 168              		.loc 1 108 5 view .LVU36
 113:../../CM7/Core/Src/stm32h7xx_hal_msp.c ****     GPIO_InitStruct.Mode = GPIO_MODE_AF_PP;
 169              		.loc 1 113 5 view .LVU37
 113:../../CM7/Core/Src/stm32h7xx_hal_msp.c ****     GPIO_InitStruct.Mode = GPIO_MODE_AF_PP;
 170              		.loc 1 113 25 is_stmt 0 view .LVU38
 171 0068 4FF44073 		mov	r3, #768
 172 006c 3393     		str	r3, [sp, #204]
 114:../../CM7/Core/Src/stm32h7xx_hal_msp.c ****     GPIO_InitStruct.Pull = GPIO_NOPULL;
 173              		.loc 1 114 5 is_stmt 1 view .LVU39
 114:../../CM7/Core/Src/stm32h7xx_hal_msp.c ****     GPIO_InitStruct.Pull = GPIO_NOPULL;
 174              		.loc 1 114 26 is_stmt 0 view .LVU40
 175 006e 0223     		movs	r3, #2
 176 0070 3493     		str	r3, [sp, #208]
 115:../../CM7/Core/Src/stm32h7xx_hal_msp.c ****     GPIO_InitStruct.Speed = GPIO_SPEED_FREQ_LOW;
 177              		.loc 1 115 5 is_stmt 1 view .LVU41
 115:../../CM7/Core/Src/stm32h7xx_hal_msp.c ****     GPIO_InitStruct.Speed = GPIO_SPEED_FREQ_LOW;
 178              		.loc 1 115 26 is_stmt 0 view .LVU42
 179 0072 0023     		movs	r3, #0
 180 0074 3593     		str	r3, [sp, #212]
 116:../../CM7/Core/Src/stm32h7xx_hal_msp.c ****     GPIO_InitStruct.Alternate = GPIO_AF7_USART3;
 181              		.loc 1 116 5 is_stmt 1 view .LVU43
 116:../../CM7/Core/Src/stm32h7xx_hal_msp.c ****     GPIO_InitStruct.Alternate = GPIO_AF7_USART3;
 182              		.loc 1 116 27 is_stmt 0 view .LVU44
 183 0076 3693     		str	r3, [sp, #216]
 117:../../CM7/Core/Src/stm32h7xx_hal_msp.c ****     HAL_GPIO_Init(GPIOD, &GPIO_InitStruct);
 184              		.loc 1 117 5 is_stmt 1 view .LVU45
 117:../../CM7/Core/Src/stm32h7xx_hal_msp.c ****     HAL_GPIO_Init(GPIOD, &GPIO_InitStruct);
 185              		.loc 1 117 31 is_stmt 0 view .LVU46
 186 0078 0723     		movs	r3, #7
 187 007a 3793     		str	r3, [sp, #220]
 118:../../CM7/Core/Src/stm32h7xx_hal_msp.c **** 
 188              		.loc 1 118 5 is_stmt 1 view .LVU47
 189 007c 33A9     		add	r1, sp, #204
 190 007e 0548     		ldr	r0, .L11+8
ARM GAS  /tmp/ccl6ET8a.s 			page 7


 191 0080 FFF7FEFF 		bl	HAL_GPIO_Init
 192              	.LVL5:
 193              		.loc 1 126 1 is_stmt 0 view .LVU48
 194 0084 CDE7     		b	.L5
 195              	.L10:
 102:../../CM7/Core/Src/stm32h7xx_hal_msp.c ****     }
 196              		.loc 1 102 7 is_stmt 1 view .LVU49
 197 0086 FFF7FEFF 		bl	Error_Handler
 198              	.LVL6:
 199 008a D4E7     		b	.L7
 200              	.L12:
 201              		.align	2
 202              	.L11:
 203 008c 00480040 		.word	1073760256
 204 0090 00440258 		.word	1476543488
 205 0094 000C0258 		.word	1476529152
 206              		.cfi_endproc
 207              	.LFE145:
 209              		.section	.text.HAL_UART_MspDeInit,"ax",%progbits
 210              		.align	1
 211              		.global	HAL_UART_MspDeInit
 212              		.syntax unified
 213              		.thumb
 214              		.thumb_func
 216              	HAL_UART_MspDeInit:
 217              	.LVL7:
 218              	.LFB146:
 127:../../CM7/Core/Src/stm32h7xx_hal_msp.c **** 
 128:../../CM7/Core/Src/stm32h7xx_hal_msp.c **** /**
 129:../../CM7/Core/Src/stm32h7xx_hal_msp.c **** * @brief UART MSP De-Initialization
 130:../../CM7/Core/Src/stm32h7xx_hal_msp.c **** * This function freeze the hardware resources used in this example
 131:../../CM7/Core/Src/stm32h7xx_hal_msp.c **** * @param huart: UART handle pointer
 132:../../CM7/Core/Src/stm32h7xx_hal_msp.c **** * @retval None
 133:../../CM7/Core/Src/stm32h7xx_hal_msp.c **** */
 134:../../CM7/Core/Src/stm32h7xx_hal_msp.c **** void HAL_UART_MspDeInit(UART_HandleTypeDef* huart)
 135:../../CM7/Core/Src/stm32h7xx_hal_msp.c **** {
 219              		.loc 1 135 1 view -0
 220              		.cfi_startproc
 221              		@ args = 0, pretend = 0, frame = 0
 222              		@ frame_needed = 0, uses_anonymous_args = 0
 223              		.loc 1 135 1 is_stmt 0 view .LVU51
 224 0000 08B5     		push	{r3, lr}
 225              	.LCFI6:
 226              		.cfi_def_cfa_offset 8
 227              		.cfi_offset 3, -8
 228              		.cfi_offset 14, -4
 136:../../CM7/Core/Src/stm32h7xx_hal_msp.c ****   if(huart->Instance==USART3)
 229              		.loc 1 136 3 is_stmt 1 view .LVU52
 230              		.loc 1 136 11 is_stmt 0 view .LVU53
 231 0002 0268     		ldr	r2, [r0]
 232              		.loc 1 136 5 view .LVU54
 233 0004 084B     		ldr	r3, .L17
 234 0006 9A42     		cmp	r2, r3
 235 0008 00D0     		beq	.L16
 236              	.LVL8:
 237              	.L13:
 137:../../CM7/Core/Src/stm32h7xx_hal_msp.c ****   {
ARM GAS  /tmp/ccl6ET8a.s 			page 8


 138:../../CM7/Core/Src/stm32h7xx_hal_msp.c ****   /* USER CODE BEGIN USART3_MspDeInit 0 */
 139:../../CM7/Core/Src/stm32h7xx_hal_msp.c **** 
 140:../../CM7/Core/Src/stm32h7xx_hal_msp.c ****   /* USER CODE END USART3_MspDeInit 0 */
 141:../../CM7/Core/Src/stm32h7xx_hal_msp.c ****     /* Peripheral clock disable */
 142:../../CM7/Core/Src/stm32h7xx_hal_msp.c ****     __HAL_RCC_USART3_CLK_DISABLE();
 143:../../CM7/Core/Src/stm32h7xx_hal_msp.c **** 
 144:../../CM7/Core/Src/stm32h7xx_hal_msp.c ****     /**USART3 GPIO Configuration
 145:../../CM7/Core/Src/stm32h7xx_hal_msp.c ****     PD8     ------> USART3_TX
 146:../../CM7/Core/Src/stm32h7xx_hal_msp.c ****     PD9     ------> USART3_RX
 147:../../CM7/Core/Src/stm32h7xx_hal_msp.c ****     */
 148:../../CM7/Core/Src/stm32h7xx_hal_msp.c ****     HAL_GPIO_DeInit(GPIOD, GPIO_PIN_8|GPIO_PIN_9);
 149:../../CM7/Core/Src/stm32h7xx_hal_msp.c **** 
 150:../../CM7/Core/Src/stm32h7xx_hal_msp.c ****   /* USER CODE BEGIN USART3_MspDeInit 1 */
 151:../../CM7/Core/Src/stm32h7xx_hal_msp.c **** 
 152:../../CM7/Core/Src/stm32h7xx_hal_msp.c ****   /* USER CODE END USART3_MspDeInit 1 */
 153:../../CM7/Core/Src/stm32h7xx_hal_msp.c ****   }
 154:../../CM7/Core/Src/stm32h7xx_hal_msp.c **** 
 155:../../CM7/Core/Src/stm32h7xx_hal_msp.c **** }
 238              		.loc 1 155 1 view .LVU55
 239 000a 08BD     		pop	{r3, pc}
 240              	.LVL9:
 241              	.L16:
 142:../../CM7/Core/Src/stm32h7xx_hal_msp.c **** 
 242              		.loc 1 142 5 is_stmt 1 view .LVU56
 243 000c 074A     		ldr	r2, .L17+4
 244 000e D2F8E830 		ldr	r3, [r2, #232]
 245 0012 23F48023 		bic	r3, r3, #262144
 246 0016 C2F8E830 		str	r3, [r2, #232]
 148:../../CM7/Core/Src/stm32h7xx_hal_msp.c **** 
 247              		.loc 1 148 5 view .LVU57
 248 001a 4FF44071 		mov	r1, #768
 249 001e 0448     		ldr	r0, .L17+8
 250              	.LVL10:
 148:../../CM7/Core/Src/stm32h7xx_hal_msp.c **** 
 251              		.loc 1 148 5 is_stmt 0 view .LVU58
 252 0020 FFF7FEFF 		bl	HAL_GPIO_DeInit
 253              	.LVL11:
 254              		.loc 1 155 1 view .LVU59
 255 0024 F1E7     		b	.L13
 256              	.L18:
 257 0026 00BF     		.align	2
 258              	.L17:
 259 0028 00480040 		.word	1073760256
 260 002c 00440258 		.word	1476543488
 261 0030 000C0258 		.word	1476529152
 262              		.cfi_endproc
 263              	.LFE146:
 265              		.text
 266              	.Letext0:
 267              		.file 2 "/usr/arm-none-eabi/include/machine/_default_types.h"
 268              		.file 3 "/usr/arm-none-eabi/include/sys/_stdint.h"
 269              		.file 4 "../../Drivers/CMSIS/Device/ST/STM32H7xx/Include/stm32h755xx.h"
 270              		.file 5 "../../Drivers/STM32H7xx_HAL_Driver/Inc/stm32h7xx_hal_def.h"
 271              		.file 6 "../../Drivers/STM32H7xx_HAL_Driver/Inc/stm32h7xx_hal_rcc_ex.h"
 272              		.file 7 "../../Drivers/STM32H7xx_HAL_Driver/Inc/stm32h7xx_hal_gpio.h"
 273              		.file 8 "../../Drivers/STM32H7xx_HAL_Driver/Inc/stm32h7xx_hal_dma.h"
 274              		.file 9 "../../Drivers/STM32H7xx_HAL_Driver/Inc/stm32h7xx_hal_uart.h"
ARM GAS  /tmp/ccl6ET8a.s 			page 9


 275              		.file 10 "../../CM7/Core/Inc/main.h"
 276              		.file 11 "<built-in>"
ARM GAS  /tmp/ccl6ET8a.s 			page 10


DEFINED SYMBOLS
                            *ABS*:00000000 stm32h7xx_hal_msp.c
     /tmp/ccl6ET8a.s:20     .text.HAL_MspInit:00000000 $t
     /tmp/ccl6ET8a.s:26     .text.HAL_MspInit:00000000 HAL_MspInit
     /tmp/ccl6ET8a.s:61     .text.HAL_MspInit:00000020 $d
     /tmp/ccl6ET8a.s:66     .text.HAL_UART_MspInit:00000000 $t
     /tmp/ccl6ET8a.s:72     .text.HAL_UART_MspInit:00000000 HAL_UART_MspInit
     /tmp/ccl6ET8a.s:203    .text.HAL_UART_MspInit:0000008c $d
     /tmp/ccl6ET8a.s:210    .text.HAL_UART_MspDeInit:00000000 $t
     /tmp/ccl6ET8a.s:216    .text.HAL_UART_MspDeInit:00000000 HAL_UART_MspDeInit
     /tmp/ccl6ET8a.s:259    .text.HAL_UART_MspDeInit:00000028 $d

UNDEFINED SYMBOLS
memset
HAL_RCCEx_PeriphCLKConfig
HAL_GPIO_Init
Error_Handler
HAL_GPIO_DeInit
